2017-10-20 21:56:46,469 - SimpleLog4JLogSystem initialized using logfile 'velocity.log'
2017-10-20 21:56:46,469 - ************************************************************** 
2017-10-20 21:56:46,469 - Starting Jakarta Velocity v1.4
2017-10-20 21:56:46,469 - RuntimeInstance initializing.
2017-10-20 21:56:46,469 - Default Properties File: org/apache/velocity/runtime/defaults/velocity.properties
2017-10-20 21:56:46,469 - Trying to use logger class org.apache.velocity.runtime.log.SimpleLog4JLogSystem
2017-10-20 21:56:46,469 - Using logger class org.apache.velocity.runtime.log.SimpleLog4JLogSystem
2017-10-20 21:56:46,471 - Default ResourceManager initializing. (class org.apache.velocity.runtime.resource.ResourceManagerImpl)
2017-10-20 21:56:46,472 - Resource Loader Instantiated: org.apache.velocity.runtime.resource.loader.ClasspathResourceLoader
2017-10-20 21:56:46,472 - ClasspathResourceLoader : initialization starting.
2017-10-20 21:56:46,472 - ClasspathResourceLoader : initialization complete.
2017-10-20 21:56:46,472 - ResourceCache : initialized. (class org.apache.velocity.runtime.resource.ResourceCacheImpl)
2017-10-20 21:56:46,473 - Default ResourceManager initialization complete.
2017-10-20 21:56:46,473 - Loaded System Directive: org.apache.velocity.runtime.directive.Literal
2017-10-20 21:56:46,474 - Loaded System Directive: org.apache.velocity.runtime.directive.Macro
2017-10-20 21:56:46,475 - Loaded System Directive: org.apache.velocity.runtime.directive.Parse
2017-10-20 21:56:46,476 - Loaded System Directive: org.apache.velocity.runtime.directive.Include
2017-10-20 21:56:46,476 - Loaded System Directive: org.apache.velocity.runtime.directive.Foreach
2017-10-20 21:56:46,489 - Created: 20 parsers.
2017-10-20 21:56:46,492 - Velocimacro : initialization starting.
2017-10-20 21:56:46,492 - Velocimacro : adding VMs from VM library template : VM_global_library.vm
2017-10-20 21:56:46,494 - ResourceManager : unable to find resource 'VM_global_library.vm' in any resource loader.
2017-10-20 21:56:46,494 - Velocimacro : error using  VM library template VM_global_library.vm : org.apache.velocity.exception.ResourceNotFoundException: Unable to find resource 'VM_global_library.vm'
2017-10-20 21:56:46,494 - Velocimacro :  VM library template macro registration complete.
2017-10-20 21:56:46,494 - Velocimacro : allowInline = true : VMs can be defined inline in templates
2017-10-20 21:56:46,494 - Velocimacro : allowInlineToOverride = false : VMs defined inline may NOT replace previous VM definitions
2017-10-20 21:56:46,494 - Velocimacro : allowInlineLocal = false : VMs defined inline will be  global in scope if allowed.
2017-10-20 21:56:46,494 - Velocimacro : messages on  : VM system will output logging messages
2017-10-20 21:56:46,494 - Velocimacro : autoload off  : VM system will not automatically reload global library macros
2017-10-20 21:56:46,494 - Velocimacro : initialization complete.
2017-10-20 21:56:46,494 - Velocity successfully started.
